Analysis & Synthesis report for top
Sat Nov 30 01:17:50 2019
Quartus Prime Version 19.1.0 Build 670 09/22/2019 SJ Lite Edition


---------------------
; Table of Contents ;
---------------------
  1. Legal Notice
  2. Analysis & Synthesis Summary
  3. Analysis & Synthesis Settings
  4. Parallel Compilation
  5. Analysis & Synthesis Source Files Read
  6. Analysis & Synthesis Resource Usage Summary
  7. Analysis & Synthesis Resource Utilization by Entity
  8. Registers Removed During Synthesis
  9. General Register Statistics
 10. Multiplexer Restructuring Statistics (Restructuring Performed)
 11. Parameter Settings for User Entity Instance: datapath:dp|flopr:pcreg
 12. Parameter Settings for User Entity Instance: datapath:dp|mux2:pcbrmux
 13. Parameter Settings for User Entity Instance: datapath:dp|mux2:pcmux
 14. Parameter Settings for User Entity Instance: datapath:dp|mux2:wrmux
 15. Parameter Settings for User Entity Instance: datapath:dp|mux2:resmux
 16. Parameter Settings for User Entity Instance: datapath:dp|mux2:srcbmux
 17. Port Connectivity Checks: "datapath:dp|mux2:pcmux"
 18. Port Connectivity Checks: "datapath:dp|adder:pcadd1"
 19. Post-Synthesis Netlist Statistics for Top Partition
 20. Elapsed Time Per Partition
 21. Analysis & Synthesis Messages



----------------
; Legal Notice ;
----------------
Copyright (C) 2019  Intel Corporation. All rights reserved.
Your use of Intel Corporation's design tools, logic functions 
and other software and tools, and any partner logic 
functions, and any output files from any of the foregoing 
(including device programming or simulation files), and any 
associated documentation or information are expressly subject 
to the terms and conditions of the Intel Program License 
Subscription Agreement, the Intel Quartus Prime License Agreement,
the Intel FPGA IP License Agreement, or other applicable license
agreement, including, without limitation, that your use is for
the sole purpose of programming logic devices manufactured by
Intel and sold by Intel or its authorized distributors.  Please
refer to the applicable agreement for further details, at
https://fpgasoftware.intel.com/eula.



+-------------------------------------------------------------------------------+
; Analysis & Synthesis Summary                                                  ;
+---------------------------------+---------------------------------------------+
; Analysis & Synthesis Status     ; Successful - Sat Nov 30 01:17:50 2019       ;
; Quartus Prime Version           ; 19.1.0 Build 670 09/22/2019 SJ Lite Edition ;
; Revision Name                   ; top                                         ;
; Top-level Entity Name           ; mips                                        ;
; Family                          ; Cyclone V                                   ;
; Logic utilization (in ALMs)     ; N/A                                         ;
; Total registers                 ; 1054                                        ;
; Total pins                      ; 163                                         ;
; Total virtual pins              ; 0                                           ;
; Total block memory bits         ; 0                                           ;
; Total DSP Blocks                ; 0                                           ;
; Total HSSI RX PCSs              ; 0                                           ;
; Total HSSI PMA RX Deserializers ; 0                                           ;
; Total HSSI TX PCSs              ; 0                                           ;
; Total HSSI PMA TX Serializers   ; 0                                           ;
; Total PLLs                      ; 0                                           ;
; Total DLLs                      ; 0                                           ;
+---------------------------------+---------------------------------------------+


+---------------------------------------------------------------------------------------------------------------------------+
; Analysis & Synthesis Settings                                                                                             ;
+---------------------------------------------------------------------------------+--------------------+--------------------+
; Option                                                                          ; Setting            ; Default Value      ;
+---------------------------------------------------------------------------------+--------------------+--------------------+
; Device                                                                          ; 5CEBA4F23C7        ;                    ;
; Top-level entity name                                                           ; mips               ; top                ;
; Family name                                                                     ; Cyclone V          ; Cyclone V          ;
; Maximum processors allowed for parallel compilation                             ; 16                 ;                    ;
; VHDL Show LMF Mapping Messages                                                  ; Off                ;                    ;
; VHDL Version                                                                    ; VHDL_2008          ; VHDL_1993          ;
; Use smart compilation                                                           ; Off                ; Off                ;
; Enable parallel Assembler and Timing Analyzer during compilation                ; On                 ; On                 ;
; Enable compact report table                                                     ; Off                ; Off                ;
; Restructure Multiplexers                                                        ; Auto               ; Auto               ;
; MLAB Add Timing Constraints For Mixed-Port Feed-Through Mode Setting Don't Care ; Off                ; Off                ;
; Create Debugging Nodes for IP Cores                                             ; Off                ; Off                ;
; Preserve fewer node names                                                       ; On                 ; On                 ;
; Intel FPGA IP Evaluation Mode                                                   ; Enable             ; Enable             ;
; Verilog Version                                                                 ; Verilog_2001       ; Verilog_2001       ;
; State Machine Processing                                                        ; Auto               ; Auto               ;
; Safe State Machine                                                              ; Off                ; Off                ;
; Extract Verilog State Machines                                                  ; On                 ; On                 ;
; Extract VHDL State Machines                                                     ; On                 ; On                 ;
; Ignore Verilog initial constructs                                               ; Off                ; Off                ;
; Iteration limit for constant Verilog loops                                      ; 5000               ; 5000               ;
; Iteration limit for non-constant Verilog loops                                  ; 250                ; 250                ;
; Add Pass-Through Logic to Inferred RAMs                                         ; On                 ; On                 ;
; Infer RAMs from Raw Logic                                                       ; On                 ; On                 ;
; Parallel Synthesis                                                              ; On                 ; On                 ;
; DSP Block Balancing                                                             ; Auto               ; Auto               ;
; NOT Gate Push-Back                                                              ; On                 ; On                 ;
; Power-Up Don't Care                                                             ; On                 ; On                 ;
; Remove Redundant Logic Cells                                                    ; Off                ; Off                ;
; Remove Duplicate Registers                                                      ; On                 ; On                 ;
; Ignore CARRY Buffers                                                            ; Off                ; Off                ;
; Ignore CASCADE Buffers                                                          ; Off                ; Off                ;
; Ignore GLOBAL Buffers                                                           ; Off                ; Off                ;
; Ignore ROW GLOBAL Buffers                                                       ; Off                ; Off                ;
; Ignore LCELL Buffers                                                            ; Off                ; Off                ;
; Ignore SOFT Buffers                                                             ; On                 ; On                 ;
; Limit AHDL Integers to 32 Bits                                                  ; Off                ; Off                ;
; Optimization Technique                                                          ; Balanced           ; Balanced           ;
; Carry Chain Length                                                              ; 70                 ; 70                 ;
; Auto Carry Chains                                                               ; On                 ; On                 ;
; Auto Open-Drain Pins                                                            ; On                 ; On                 ;
; Perform WYSIWYG Primitive Resynthesis                                           ; Off                ; Off                ;
; Auto ROM Replacement                                                            ; On                 ; On                 ;
; Auto RAM Replacement                                                            ; On                 ; On                 ;
; Auto DSP Block Replacement                                                      ; On                 ; On                 ;
; Auto Shift Register Replacement                                                 ; Auto               ; Auto               ;
; Allow Shift Register Merging across Hierarchies                                 ; Auto               ; Auto               ;
; Auto Clock Enable Replacement                                                   ; On                 ; On                 ;
; Strict RAM Replacement                                                          ; Off                ; Off                ;
; Allow Synchronous Control Signals                                               ; On                 ; On                 ;
; Force Use of Synchronous Clear Signals                                          ; Off                ; Off                ;
; Auto Resource Sharing                                                           ; Off                ; Off                ;
; Allow Any RAM Size For Recognition                                              ; Off                ; Off                ;
; Allow Any ROM Size For Recognition                                              ; Off                ; Off                ;
; Allow Any Shift Register Size For Recognition                                   ; Off                ; Off                ;
; Use LogicLock Constraints during Resource Balancing                             ; On                 ; On                 ;
; Ignore translate_off and synthesis_off directives                               ; Off                ; Off                ;
; Timing-Driven Synthesis                                                         ; On                 ; On                 ;
; Report Parameter Settings                                                       ; On                 ; On                 ;
; Report Source Assignments                                                       ; On                 ; On                 ;
; Report Connectivity Checks                                                      ; On                 ; On                 ;
; Ignore Maximum Fan-Out Assignments                                              ; Off                ; Off                ;
; Synchronization Register Chain Length                                           ; 3                  ; 3                  ;
; Power Optimization During Synthesis                                             ; Normal compilation ; Normal compilation ;
; HDL message level                                                               ; Level2             ; Level2             ;
; Suppress Register Optimization Related Messages                                 ; Off                ; Off                ;
; Number of Removed Registers Reported in Synthesis Report                        ; 5000               ; 5000               ;
; Number of Swept Nodes Reported in Synthesis Report                              ; 5000               ; 5000               ;
; Number of Inverted Registers Reported in Synthesis Report                       ; 100                ; 100                ;
; Clock MUX Protection                                                            ; On                 ; On                 ;
; Auto Gated Clock Conversion                                                     ; Off                ; Off                ;
; Block Design Naming                                                             ; Auto               ; Auto               ;
; SDC constraint protection                                                       ; Off                ; Off                ;
; Synthesis Effort                                                                ; Auto               ; Auto               ;
; Shift Register Replacement - Allow Asynchronous Clear Signal                    ; On                 ; On                 ;
; Pre-Mapping Resynthesis Optimization                                            ; Off                ; Off                ;
; Analysis & Synthesis Message Level                                              ; Medium             ; Medium             ;
; Disable Register Merging Across Hierarchies                                     ; Auto               ; Auto               ;
; Resource Aware Inference For Block RAM                                          ; On                 ; On                 ;
; Automatic Parallel Synthesis                                                    ; On                 ; On                 ;
; Partial Reconfiguration Bitstream ID                                            ; Off                ; Off                ;
+---------------------------------------------------------------------------------+--------------------+--------------------+


+------------------------------------------+
; Parallel Compilation                     ;
+----------------------------+-------------+
; Processors                 ; Number      ;
+----------------------------+-------------+
; Number detected on machine ; 16          ;
; Maximum allowed            ; 16          ;
;                            ;             ;
; Average used               ; 1.00        ;
; Maximum used               ; 16          ;
;                            ;             ;
; Usage by Processor         ; % Time Used ;
;     Processor 1            ; 100.0%      ;
;     Processor 2            ;   0.0%      ;
;     Processor 3            ;   0.0%      ;
;     Processor 4            ;   0.0%      ;
;     Processor 5            ;   0.0%      ;
;     Processor 6            ;   0.0%      ;
;     Processor 7            ;   0.0%      ;
;     Processor 8            ;   0.0%      ;
;     Processor 9            ;   0.0%      ;
;     Processor 10           ;   0.0%      ;
;     Processor 11           ;   0.0%      ;
;     Processor 12           ;   0.0%      ;
;     Processor 13           ;   0.0%      ;
;     Processor 14           ;   0.0%      ;
;     Processors 15-16       ;   0.0%      ;
+----------------------------+-------------+


+--------------------------------------------------------------------------------------------------------------------------------------------------------+
; Analysis & Synthesis Source Files Read                                                                                                                 ;
+----------------------------------+-----------------+-----------------+-----------------------------------------------------------------------+---------+
; File Name with User-Entered Path ; Used in Netlist ; File Type       ; File Name with Absolute Path                                          ; Library ;
+----------------------------------+-----------------+-----------------+-----------------------------------------------------------------------+---------+
; ../components/signext.vhd        ; yes             ; User VHDL File  ; /home/joao/Code/usp/Arq_I/MIPS_pipeline/src/components/signext.vhd    ;         ;
; ../components/regfile.vhd        ; yes             ; User VHDL File  ; /home/joao/Code/usp/Arq_I/MIPS_pipeline/src/components/regfile.vhd    ;         ;
; ../components/mux2.vhd           ; yes             ; User VHDL File  ; /home/joao/Code/usp/Arq_I/MIPS_pipeline/src/components/mux2.vhd       ;         ;
; ../components/flopr.vhd          ; yes             ; User VHDL File  ; /home/joao/Code/usp/Arq_I/MIPS_pipeline/src/components/flopr.vhd      ;         ;
; ../components/alu.vhd            ; yes             ; User VHDL File  ; /home/joao/Code/usp/Arq_I/MIPS_pipeline/src/components/alu.vhd        ;         ;
; ../components/adder.vhd          ; yes             ; User VHDL File  ; /home/joao/Code/usp/Arq_I/MIPS_pipeline/src/components/adder.vhd      ;         ;
; ../components/sl2.vhd            ; yes             ; User VHDL File  ; /home/joao/Code/usp/Arq_I/MIPS_pipeline/src/components/sl2.vhd        ;         ;
; ../control_dp/datapath.vhd       ; yes             ; User VHDL File  ; /home/joao/Code/usp/Arq_I/MIPS_pipeline/src/control_dp/datapath.vhd   ;         ;
; ../control_dp/controller.vhd     ; yes             ; User VHDL File  ; /home/joao/Code/usp/Arq_I/MIPS_pipeline/src/control_dp/controller.vhd ;         ;
; ../control_dp/aludec.vhd         ; yes             ; User VHDL File  ; /home/joao/Code/usp/Arq_I/MIPS_pipeline/src/control_dp/aludec.vhd     ;         ;
; ../control_dp/maindec.vhd        ; yes             ; User VHDL File  ; /home/joao/Code/usp/Arq_I/MIPS_pipeline/src/control_dp/maindec.vhd    ;         ;
; ../mips.vhd                      ; yes             ; User VHDL File  ; /home/joao/Code/usp/Arq_I/MIPS_pipeline/src/mips.vhd                  ;         ;
+----------------------------------+-----------------+-----------------+-----------------------------------------------------------------------+---------+


+---------------------------------------------------------+
; Analysis & Synthesis Resource Usage Summary             ;
+---------------------------------------------+-----------+
; Resource                                    ; Usage     ;
+---------------------------------------------+-----------+
; Estimate of Logic utilization (ALMs needed) ; 1162      ;
;                                             ;           ;
; Combinational ALUT usage for logic          ; 928       ;
;     -- 7 input functions                    ; 512       ;
;     -- 6 input functions                    ; 119       ;
;     -- 5 input functions                    ; 115       ;
;     -- 4 input functions                    ; 36        ;
;     -- <=3 input functions                  ; 146       ;
;                                             ;           ;
; Dedicated logic registers                   ; 1054      ;
;                                             ;           ;
; I/O pins                                    ; 163       ;
;                                             ;           ;
; Total DSP Blocks                            ; 0         ;
;                                             ;           ;
; Maximum fan-out node                        ; clk~input ;
; Maximum fan-out                             ; 1054      ;
; Total fan-out                               ; 8839      ;
; Average fan-out                             ; 3.83      ;
+---------------------------------------------+-----------+


+-----------------------------------------------------------------------------------------------------------------------------------------------------------------------------------------------------+
; Analysis & Synthesis Resource Utilization by Entity                                                                                                                                                 ;
+----------------------------+---------------------+---------------------------+-------------------+------------+------+--------------+----------------------------------+-------------+--------------+
; Compilation Hierarchy Node ; Combinational ALUTs ; Dedicated Logic Registers ; Block Memory Bits ; DSP Blocks ; Pins ; Virtual Pins ; Full Hierarchy Name              ; Entity Name ; Library Name ;
+----------------------------+---------------------+---------------------------+-------------------+------------+------+--------------+----------------------------------+-------------+--------------+
; |mips                      ; 928 (0)             ; 1054 (0)                  ; 0                 ; 0          ; 163  ; 0            ; |mips                            ; mips        ; work         ;
;    |controller:cont|       ; 28 (22)             ; 0 (0)                     ; 0                 ; 0          ; 0    ; 0            ; |mips|controller:cont            ; controller  ; work         ;
;       |aludec:ad|          ; 1 (1)               ; 0 (0)                     ; 0                 ; 0          ; 0    ; 0            ; |mips|controller:cont|aludec:ad  ; aludec      ; work         ;
;       |maindec:md|         ; 5 (5)               ; 0 (0)                     ; 0                 ; 0          ; 0    ; 0            ; |mips|controller:cont|maindec:md ; maindec     ; work         ;
;    |datapath:dp|           ; 900 (0)             ; 1054 (0)                  ; 0                 ; 0          ; 0    ; 0            ; |mips|datapath:dp                ; datapath    ; work         ;
;       |adder:pcadd1|       ; 30 (30)             ; 0 (0)                     ; 0                 ; 0          ; 0    ; 0            ; |mips|datapath:dp|adder:pcadd1   ; adder       ; work         ;
;       |adder:pcadd2|       ; 30 (30)             ; 0 (0)                     ; 0                 ; 0          ; 0    ; 0            ; |mips|datapath:dp|adder:pcadd2   ; adder       ; work         ;
;       |alu:mainalu|        ; 99 (99)             ; 0 (0)                     ; 0                 ; 0          ; 0    ; 0            ; |mips|datapath:dp|alu:mainalu    ; alu         ; work         ;
;       |flopr:pcreg|        ; 0 (0)               ; 30 (30)                   ; 0                 ; 0          ; 0    ; 0            ; |mips|datapath:dp|flopr:pcreg    ; flopr       ; work         ;
;       |mux2:pcmux|         ; 30 (30)             ; 0 (0)                     ; 0                 ; 0          ; 0    ; 0            ; |mips|datapath:dp|mux2:pcmux     ; mux2        ; work         ;
;       |mux2:resmux|        ; 32 (32)             ; 0 (0)                     ; 0                 ; 0          ; 0    ; 0            ; |mips|datapath:dp|mux2:resmux    ; mux2        ; work         ;
;       |mux2:srcbmux|       ; 32 (32)             ; 0 (0)                     ; 0                 ; 0          ; 0    ; 0            ; |mips|datapath:dp|mux2:srcbmux   ; mux2        ; work         ;
;       |mux2:wrmux|         ; 5 (5)               ; 0 (0)                     ; 0                 ; 0          ; 0    ; 0            ; |mips|datapath:dp|mux2:wrmux     ; mux2        ; work         ;
;       |regfile:rf|         ; 642 (642)           ; 1024 (1024)               ; 0                 ; 0          ; 0    ; 0            ; |mips|datapath:dp|regfile:rf     ; regfile     ; work         ;
+----------------------------+---------------------+---------------------------+-------------------+------------+------+--------------+----------------------------------+-------------+--------------+
Note: For table entries with two numbers listed, the numbers in parentheses indicate the number of resources of the given type used by the specific entity alone. The numbers listed outside of parentheses indicate the total resources of the given type used by the specific entity and all of its sub-entities in the hierarchy.


+----------------------------------------------------------------------------------+
; Registers Removed During Synthesis                                               ;
+---------------------------------------+------------------------------------------+
; Register name                         ; Reason for Removal                       ;
+---------------------------------------+------------------------------------------+
; datapath:dp|flopr:pcreg|q[1]          ; Merged with datapath:dp|flopr:pcreg|q[0] ;
; datapath:dp|flopr:pcreg|q[0]          ; Stuck at GND due to stuck port data_in   ;
; Total Number of Removed Registers = 2 ;                                          ;
+---------------------------------------+------------------------------------------+


+------------------------------------------------------+
; General Register Statistics                          ;
+----------------------------------------------+-------+
; Statistic                                    ; Value ;
+----------------------------------------------+-------+
; Total registers                              ; 1054  ;
; Number of registers using Synchronous Clear  ; 0     ;
; Number of registers using Synchronous Load   ; 0     ;
; Number of registers using Asynchronous Clear ; 30    ;
; Number of registers using Asynchronous Load  ; 0     ;
; Number of registers using Clock Enable       ; 1024  ;
; Number of registers using Preset             ; 0     ;
+----------------------------------------------+-------+


+---------------------------------------------------------------------------------------------------------------------------------------------------+
; Multiplexer Restructuring Statistics (Restructuring Performed)                                                                                    ;
+--------------------+-----------+---------------+----------------------+------------------------+------------+-------------------------------------+
; Multiplexer Inputs ; Bus Width ; Baseline Area ; Area if Restructured ; Saving if Restructured ; Registered ; Example Multiplexer Output          ;
+--------------------+-----------+---------------+----------------------+------------------------+------------+-------------------------------------+
; 3:1                ; 26 bits   ; 52 LEs        ; 52 LEs               ; 0 LEs                  ; Yes        ; |mips|datapath:dp|flopr:pcreg|q[6]  ;
; 4:1                ; 31 bits   ; 62 LEs        ; 62 LEs               ; 0 LEs                  ; No         ; |mips|datapath:dp|alu:mainalu|Mux19 ;
+--------------------+-----------+---------------+----------------------+------------------------+------------+-------------------------------------+


+----------------------------------------------------------------------+
; Parameter Settings for User Entity Instance: datapath:dp|flopr:pcreg ;
+----------------+-------+---------------------------------------------+
; Parameter Name ; Value ; Type                                        ;
+----------------+-------+---------------------------------------------+
; width          ; 32    ; Signed Integer                              ;
+----------------+-------+---------------------------------------------+
Note: In order to hide this table in the UI and the text report file, please set the "Show Parameter Settings in Synthesis Report" option in "Analysis and Synthesis Settings -> More Settings" to "Off".


+-----------------------------------------------------------------------+
; Parameter Settings for User Entity Instance: datapath:dp|mux2:pcbrmux ;
+----------------+-------+----------------------------------------------+
; Parameter Name ; Value ; Type                                         ;
+----------------+-------+----------------------------------------------+
; width          ; 32    ; Signed Integer                               ;
+----------------+-------+----------------------------------------------+
Note: In order to hide this table in the UI and the text report file, please set the "Show Parameter Settings in Synthesis Report" option in "Analysis and Synthesis Settings -> More Settings" to "Off".


+---------------------------------------------------------------------+
; Parameter Settings for User Entity Instance: datapath:dp|mux2:pcmux ;
+----------------+-------+--------------------------------------------+
; Parameter Name ; Value ; Type                                       ;
+----------------+-------+--------------------------------------------+
; width          ; 32    ; Signed Integer                             ;
+----------------+-------+--------------------------------------------+
Note: In order to hide this table in the UI and the text report file, please set the "Show Parameter Settings in Synthesis Report" option in "Analysis and Synthesis Settings -> More Settings" to "Off".


+---------------------------------------------------------------------+
; Parameter Settings for User Entity Instance: datapath:dp|mux2:wrmux ;
+----------------+-------+--------------------------------------------+
; Parameter Name ; Value ; Type                                       ;
+----------------+-------+--------------------------------------------+
; width          ; 5     ; Signed Integer                             ;
+----------------+-------+--------------------------------------------+
Note: In order to hide this table in the UI and the text report file, please set the "Show Parameter Settings in Synthesis Report" option in "Analysis and Synthesis Settings -> More Settings" to "Off".


+----------------------------------------------------------------------+
; Parameter Settings for User Entity Instance: datapath:dp|mux2:resmux ;
+----------------+-------+---------------------------------------------+
; Parameter Name ; Value ; Type                                        ;
+----------------+-------+---------------------------------------------+
; width          ; 32    ; Signed Integer                              ;
+----------------+-------+---------------------------------------------+
Note: In order to hide this table in the UI and the text report file, please set the "Show Parameter Settings in Synthesis Report" option in "Analysis and Synthesis Settings -> More Settings" to "Off".


+-----------------------------------------------------------------------+
; Parameter Settings for User Entity Instance: datapath:dp|mux2:srcbmux ;
+----------------+-------+----------------------------------------------+
; Parameter Name ; Value ; Type                                         ;
+----------------+-------+----------------------------------------------+
; width          ; 32    ; Signed Integer                               ;
+----------------+-------+----------------------------------------------+
Note: In order to hide this table in the UI and the text report file, please set the "Show Parameter Settings in Synthesis Report" option in "Analysis and Synthesis Settings -> More Settings" to "Off".


+----------------------------------------------------+
; Port Connectivity Checks: "datapath:dp|mux2:pcmux" ;
+----------+-------+----------+----------------------+
; Port     ; Type  ; Severity ; Details              ;
+----------+-------+----------+----------------------+
; d1[1..0] ; Input ; Info     ; Stuck at GND         ;
+----------+-------+----------+----------------------+


+------------------------------------------------------+
; Port Connectivity Checks: "datapath:dp|adder:pcadd1" ;
+----------+-------+----------+------------------------+
; Port     ; Type  ; Severity ; Details                ;
+----------+-------+----------+------------------------+
; b[31..3] ; Input ; Info     ; Stuck at GND           ;
; b[1..0]  ; Input ; Info     ; Stuck at GND           ;
; b[2]     ; Input ; Info     ; Stuck at VCC           ;
+----------+-------+----------+------------------------+


+-----------------------------------------------------+
; Post-Synthesis Netlist Statistics for Top Partition ;
+-----------------------+-----------------------------+
; Type                  ; Count                       ;
+-----------------------+-----------------------------+
; arriav_ff             ; 1054                        ;
;     CLR               ; 30                          ;
;     ENA               ; 1024                        ;
; arriav_lcell_comb     ; 929                         ;
;     arith             ; 60                          ;
;         1 data inputs ; 30                          ;
;         2 data inputs ; 30                          ;
;     extend            ; 512                         ;
;         7 data inputs ; 512                         ;
;     normal            ; 325                         ;
;         0 data inputs ; 1                           ;
;         2 data inputs ; 35                          ;
;         3 data inputs ; 51                          ;
;         4 data inputs ; 4                           ;
;         5 data inputs ; 115                         ;
;         6 data inputs ; 119                         ;
;     shared            ; 32                          ;
;         4 data inputs ; 32                          ;
; boundary_port         ; 163                         ;
;                       ;                             ;
; Max LUT depth         ; 13.10                       ;
; Average LUT depth     ; 10.16                       ;
+-----------------------+-----------------------------+


+-------------------------------+
; Elapsed Time Per Partition    ;
+----------------+--------------+
; Partition Name ; Elapsed Time ;
+----------------+--------------+
; Top            ; 00:00:01     ;
+----------------+--------------+


+-------------------------------+
; Analysis & Synthesis Messages ;
+-------------------------------+
Info: *******************************************************************
Info: Running Quartus Prime Analysis & Synthesis
    Info: Version 19.1.0 Build 670 09/22/2019 SJ Lite Edition
    Info: Processing started: Sat Nov 30 01:17:43 2019
Info: Command: quartus_map --read_settings_files=on --write_settings_files=off MIPS -c top
Info (20032): Parallel compilation is enabled and will use up to 16 processors
Warning (20031): Parallel compilation is enabled for 16 processors, but there are only 8 processors in the system. Runtime may increase due to over usage of the processor space.
Info (12021): Found 2 design units, including 1 entities, in source file /home/joao/Code/usp/Arq_I/MIPS_pipeline/src/components/signext.vhd
    Info (12022): Found design unit 1: signext-behave File: /home/joao/Code/usp/Arq_I/MIPS_pipeline/src/components/signext.vhd Line: 24
    Info (12023): Found entity 1: signext File: /home/joao/Code/usp/Arq_I/MIPS_pipeline/src/components/signext.vhd Line: 17
Info (12021): Found 2 design units, including 1 entities, in source file /home/joao/Code/usp/Arq_I/MIPS_pipeline/src/components/regfile.vhd
    Info (12022): Found design unit 1: regfile-behave File: /home/joao/Code/usp/Arq_I/MIPS_pipeline/src/components/regfile.vhd Line: 27
    Info (12023): Found entity 1: regfile File: /home/joao/Code/usp/Arq_I/MIPS_pipeline/src/components/regfile.vhd Line: 17
Info (12021): Found 2 design units, including 1 entities, in source file /home/joao/Code/usp/Arq_I/MIPS_pipeline/src/components/mux2.vhd
    Info (12022): Found design unit 1: mux2-behave File: /home/joao/Code/usp/Arq_I/MIPS_pipeline/src/components/mux2.vhd Line: 27
    Info (12023): Found entity 1: mux2 File: /home/joao/Code/usp/Arq_I/MIPS_pipeline/src/components/mux2.vhd Line: 16
Info (12021): Found 2 design units, including 1 entities, in source file /home/joao/Code/usp/Arq_I/MIPS_pipeline/src/components/flopr.vhd
    Info (12022): Found design unit 1: flopr-asynchronous File: /home/joao/Code/usp/Arq_I/MIPS_pipeline/src/components/flopr.vhd Line: 27
    Info (12023): Found entity 1: flopr File: /home/joao/Code/usp/Arq_I/MIPS_pipeline/src/components/flopr.vhd Line: 16
Info (12021): Found 2 design units, including 1 entities, in source file /home/joao/Code/usp/Arq_I/MIPS_pipeline/src/components/alu.vhd
    Info (12022): Found design unit 1: alu-behave File: /home/joao/Code/usp/Arq_I/MIPS_pipeline/src/components/alu.vhd Line: 26
    Info (12023): Found entity 1: alu File: /home/joao/Code/usp/Arq_I/MIPS_pipeline/src/components/alu.vhd Line: 17
Info (12021): Found 2 design units, including 1 entities, in source file /home/joao/Code/usp/Arq_I/MIPS_pipeline/src/components/adder.vhd
    Info (12022): Found design unit 1: adder-behave File: /home/joao/Code/usp/Arq_I/MIPS_pipeline/src/components/adder.vhd Line: 24
    Info (12023): Found entity 1: adder File: /home/joao/Code/usp/Arq_I/MIPS_pipeline/src/components/adder.vhd Line: 17
Info (12021): Found 2 design units, including 1 entities, in source file /home/joao/Code/usp/Arq_I/MIPS_pipeline/src/components/sl2.vhd
    Info (12022): Found design unit 1: sl2-behave File: /home/joao/Code/usp/Arq_I/MIPS_pipeline/src/components/sl2.vhd Line: 23
    Info (12023): Found entity 1: sl2 File: /home/joao/Code/usp/Arq_I/MIPS_pipeline/src/components/sl2.vhd Line: 16
Info (12021): Found 2 design units, including 1 entities, in source file /home/joao/Code/usp/Arq_I/MIPS_pipeline/src/control_dp/datapath.vhd
    Info (12022): Found design unit 1: datapath-struct File: /home/joao/Code/usp/Arq_I/MIPS_pipeline/src/control_dp/datapath.vhd Line: 30
    Info (12023): Found entity 1: datapath File: /home/joao/Code/usp/Arq_I/MIPS_pipeline/src/control_dp/datapath.vhd Line: 16
Info (12021): Found 2 design units, including 1 entities, in source file /home/joao/Code/usp/Arq_I/MIPS_pipeline/src/control_dp/controller.vhd
    Info (12022): Found design unit 1: controller-struct File: /home/joao/Code/usp/Arq_I/MIPS_pipeline/src/control_dp/controller.vhd Line: 28
    Info (12023): Found entity 1: controller File: /home/joao/Code/usp/Arq_I/MIPS_pipeline/src/control_dp/controller.vhd Line: 16
Info (12021): Found 2 design units, including 1 entities, in source file /home/joao/Code/usp/Arq_I/MIPS_pipeline/src/control_dp/aludec.vhd
    Info (12022): Found design unit 1: aludec-behave File: /home/joao/Code/usp/Arq_I/MIPS_pipeline/src/control_dp/aludec.vhd Line: 25
    Info (12023): Found entity 1: aludec File: /home/joao/Code/usp/Arq_I/MIPS_pipeline/src/control_dp/aludec.vhd Line: 17
Info (12021): Found 2 design units, including 1 entities, in source file /home/joao/Code/usp/Arq_I/MIPS_pipeline/src/control_dp/maindec.vhd
    Info (12022): Found design unit 1: maindec-behave File: /home/joao/Code/usp/Arq_I/MIPS_pipeline/src/control_dp/maindec.vhd Line: 28
    Info (12023): Found entity 1: maindec File: /home/joao/Code/usp/Arq_I/MIPS_pipeline/src/control_dp/maindec.vhd Line: 17
Info (12021): Found 2 design units, including 1 entities, in source file /home/joao/Code/usp/Arq_I/MIPS_pipeline/src/memories/imem.vhd
    Info (12022): Found design unit 1: imem-behave File: /home/joao/Code/usp/Arq_I/MIPS_pipeline/src/memories/imem.vhd Line: 25
    Info (12023): Found entity 1: imem File: /home/joao/Code/usp/Arq_I/MIPS_pipeline/src/memories/imem.vhd Line: 18
Info (12021): Found 2 design units, including 1 entities, in source file /home/joao/Code/usp/Arq_I/MIPS_pipeline/src/memories/dmem.vhd
    Info (12022): Found design unit 1: dmem-behave File: /home/joao/Code/usp/Arq_I/MIPS_pipeline/src/memories/dmem.vhd Line: 26
    Info (12023): Found entity 1: dmem File: /home/joao/Code/usp/Arq_I/MIPS_pipeline/src/memories/dmem.vhd Line: 18
Info (12021): Found 2 design units, including 1 entities, in source file /home/joao/Code/usp/Arq_I/MIPS_pipeline/src/mips.vhd
    Info (12022): Found design unit 1: mips-struct File: /home/joao/Code/usp/Arq_I/MIPS_pipeline/src/mips.vhd Line: 27
    Info (12023): Found entity 1: mips File: /home/joao/Code/usp/Arq_I/MIPS_pipeline/src/mips.vhd Line: 16
Info (12021): Found 2 design units, including 1 entities, in source file /home/joao/Code/usp/Arq_I/MIPS_pipeline/src/top.vhd
    Info (12022): Found design unit 1: top-test File: /home/joao/Code/usp/Arq_I/MIPS_pipeline/src/top.vhd Line: 25
    Info (12023): Found entity 1: top File: /home/joao/Code/usp/Arq_I/MIPS_pipeline/src/top.vhd Line: 17
Info (12127): Elaborating entity "mips" for the top level hierarchy
Info (12128): Elaborating entity "controller" for hierarchy "controller:cont" File: /home/joao/Code/usp/Arq_I/MIPS_pipeline/src/mips.vhd Line: 59
Info (12128): Elaborating entity "maindec" for hierarchy "controller:cont|maindec:md" File: /home/joao/Code/usp/Arq_I/MIPS_pipeline/src/control_dp/controller.vhd Line: 51
Info (12128): Elaborating entity "aludec" for hierarchy "controller:cont|aludec:ad" File: /home/joao/Code/usp/Arq_I/MIPS_pipeline/src/control_dp/controller.vhd Line: 53
Info (12128): Elaborating entity "datapath" for hierarchy "datapath:dp" File: /home/joao/Code/usp/Arq_I/MIPS_pipeline/src/mips.vhd Line: 74
Info (12128): Elaborating entity "flopr" for hierarchy "datapath:dp|flopr:pcreg" File: /home/joao/Code/usp/Arq_I/MIPS_pipeline/src/control_dp/datapath.vhd Line: 102
Info (12128): Elaborating entity "adder" for hierarchy "datapath:dp|adder:pcadd1" File: /home/joao/Code/usp/Arq_I/MIPS_pipeline/src/control_dp/datapath.vhd Line: 111
Info (12128): Elaborating entity "sl2" for hierarchy "datapath:dp|sl2:immsh" File: /home/joao/Code/usp/Arq_I/MIPS_pipeline/src/control_dp/datapath.vhd Line: 118
Info (12128): Elaborating entity "mux2" for hierarchy "datapath:dp|mux2:pcbrmux" File: /home/joao/Code/usp/Arq_I/MIPS_pipeline/src/control_dp/datapath.vhd Line: 131
Info (12128): Elaborating entity "regfile" for hierarchy "datapath:dp|regfile:rf" File: /home/joao/Code/usp/Arq_I/MIPS_pipeline/src/control_dp/datapath.vhd Line: 150
Info (12128): Elaborating entity "mux2" for hierarchy "datapath:dp|mux2:wrmux" File: /home/joao/Code/usp/Arq_I/MIPS_pipeline/src/control_dp/datapath.vhd Line: 162
Info (12128): Elaborating entity "signext" for hierarchy "datapath:dp|signext:se" File: /home/joao/Code/usp/Arq_I/MIPS_pipeline/src/control_dp/datapath.vhd Line: 180
Info (12128): Elaborating entity "alu" for hierarchy "datapath:dp|alu:mainalu" File: /home/joao/Code/usp/Arq_I/MIPS_pipeline/src/control_dp/datapath.vhd Line: 196
Info (276014): Found 1 instances of uninferred RAM logic
    Info (276007): RAM logic "datapath:dp|regfile:rf|mem" is uninferred due to asynchronous read logic File: /home/joao/Code/usp/Arq_I/MIPS_pipeline/src/components/regfile.vhd Line: 29
Warning (13024): Output pins are stuck at VCC or GND
    Warning (13410): Pin "pc[0]" is stuck at GND File: /home/joao/Code/usp/Arq_I/MIPS_pipeline/src/mips.vhd Line: 19
    Warning (13410): Pin "pc[1]" is stuck at GND File: /home/joao/Code/usp/Arq_I/MIPS_pipeline/src/mips.vhd Line: 19
Info (286030): Timing-Driven Synthesis is running
Info (16010): Generating hard_block partition "hard_block:auto_generated_inst"
    Info (16011): Adding 0 node(s), including 0 DDIO, 0 PLL, 0 transceiver and 0 LCELL
Warning (21074): Design contains 2 input pin(s) that do not drive logic
    Warning (15610): No output dependent on input pin "instr[26]" File: /home/joao/Code/usp/Arq_I/MIPS_pipeline/src/mips.vhd Line: 20
    Warning (15610): No output dependent on input pin "instr[30]" File: /home/joao/Code/usp/Arq_I/MIPS_pipeline/src/mips.vhd Line: 20
Info (21057): Implemented 2115 device resources after synthesis - the final resource count might be different
    Info (21058): Implemented 66 input pins
    Info (21059): Implemented 97 output pins
    Info (21061): Implemented 1952 logic cells
Info: Quartus Prime Analysis & Synthesis was successful. 0 errors, 7 warnings
    Info: Peak virtual memory: 1065 megabytes
    Info: Processing ended: Sat Nov 30 01:17:50 2019
    Info: Elapsed time: 00:00:07
    Info: Total CPU time (on all processors): 00:00:18


